{"/Users/rossypro/sources/ets/log210/exemples-ts/src/http_methods/Employe.ts": {"path":"/Users/rossypro/sources/ets/log210/exemples-ts/src/http_methods/Employe.ts","statementMap":{"0":{"start":{"line":7,"column":8},"end":{"line":7,"column":24}},"1":{"start":{"line":8,"column":8},"end":{"line":8,"column":27}},"2":{"start":{"line":9,"column":8},"end":{"line":9,"column":39}},"3":{"start":{"line":14,"column":8},"end":{"line":14,"column":25}},"4":{"start":{"line":18,"column":8},"end":{"line":18,"column":27}},"5":{"start":{"line":22,"column":8},"end":{"line":22,"column":28}},"6":{"start":{"line":26,"column":8},"end":{"line":26,"column":33}},"7":{"start":{"line":30,"column":8},"end":{"line":30,"column":40}},"8":{"start":{"line":34,"column":8},"end":{"line":38,"column":null}},"9":{"start":{"line":1,"column":0},"end":{"line":1,"column":13}}},"fnMap":{"0":{"name":"(anonymous_0)","decl":{"start":{"line":6,"column":4},"end":{"line":6,"column":16}},"loc":{"start":{"line":6,"column":60},"end":{"line":10,"column":5}}},"1":{"name":"(anonymous_1)","decl":{"start":{"line":13,"column":4},"end":{"line":13,"column":8}},"loc":{"start":{"line":13,"column":11},"end":{"line":15,"column":5}}},"2":{"name":"(anonymous_2)","decl":{"start":{"line":17,"column":4},"end":{"line":17,"column":8}},"loc":{"start":{"line":17,"column":13},"end":{"line":19,"column":5}}},"3":{"name":"(anonymous_3)","decl":{"start":{"line":21,"column":4},"end":{"line":21,"column":8}},"loc":{"start":{"line":21,"column":26},"end":{"line":23,"column":5}}},"4":{"name":"(anonymous_4)","decl":{"start":{"line":25,"column":4},"end":{"line":25,"column":8}},"loc":{"start":{"line":25,"column":19},"end":{"line":27,"column":5}}},"5":{"name":"(anonymous_5)","decl":{"start":{"line":29,"column":4},"end":{"line":29,"column":8}},"loc":{"start":{"line":29,"column":38},"end":{"line":31,"column":5}}},"6":{"name":"(anonymous_6)","decl":{"start":{"line":33,"column":11},"end":{"line":33,"column":17}},"loc":{"start":{"line":33,"column":17},"end":{"line":39,"column":5}}}},"branchMap":{},"s":{"0":22,"1":22,"2":22,"3":5,"4":4,"5":24,"6":4,"7":24,"8":1,"9":3},"f":{"0":22,"1":5,"2":4,"3":24,"4":4,"5":24,"6":1},"b":{}}
,"/Users/rossypro/sources/ets/log210/exemples-ts/src/http_methods/Entreprise.ts": {"path":"/Users/rossypro/sources/ets/log210/exemples-ts/src/http_methods/Entreprise.ts","statementMap":{"0":{"start":{"line":1,"column":0},"end":{"line":1,"column":36}},"1":{"start":{"line":7,"column":8},"end":{"line":7,"column":52}},"2":{"start":{"line":11,"column":8},"end":{"line":11,"column":51}},"3":{"start":{"line":15,"column":8},"end":{"line":15,"column":39}},"4":{"start":{"line":19,"column":22},"end":{"line":19,"column":58}},"5":{"start":{"line":21,"column":8},"end":{"line":21,"column":41}},"6":{"start":{"line":23,"column":8},"end":{"line":23,"column":23}},"7":{"start":{"line":27,"column":22},"end":{"line":27,"column":45}},"8":{"start":{"line":29,"column":8},"end":{"line":31,"column":null}},"9":{"start":{"line":30,"column":12},"end":{"line":30,"column":52}},"10":{"start":{"line":33,"column":8},"end":{"line":35,"column":null}},"11":{"start":{"line":34,"column":12},"end":{"line":34,"column":34}},"12":{"start":{"line":37,"column":8},"end":{"line":39,"column":null}},"13":{"start":{"line":38,"column":12},"end":{"line":38,"column":46}},"14":{"start":{"line":41,"column":8},"end":{"line":41,"column":23}},"15":{"start":{"line":45,"column":8},"end":{"line":45,"column":35}},"16":{"start":{"line":3,"column":0},"end":{"line":3,"column":13}}},"fnMap":{"0":{"name":"(anonymous_0)","decl":{"start":{"line":6,"column":4},"end":{"line":6,"column":null}},"loc":{"start":{"line":6,"column":4},"end":{"line":8,"column":5}}},"1":{"name":"(anonymous_1)","decl":{"start":{"line":10,"column":11},"end":{"line":10,"column":26}},"loc":{"start":{"line":10,"column":26},"end":{"line":12,"column":5}}},"2":{"name":"(anonymous_2)","decl":{"start":{"line":14,"column":11},"end":{"line":14,"column":25}},"loc":{"start":{"line":14,"column":36},"end":{"line":16,"column":5}}},"3":{"name":"(anonymous_3)","decl":{"start":{"line":18,"column":11},"end":{"line":18,"column":25}},"loc":{"start":{"line":18,"column":70},"end":{"line":24,"column":5}}},"4":{"name":"(anonymous_4)","decl":{"start":{"line":26,"column":11},"end":{"line":26,"column":26}},"loc":{"start":{"line":26,"column":71},"end":{"line":42,"column":5}}},"5":{"name":"(anonymous_5)","decl":{"start":{"line":44,"column":11},"end":{"line":44,"column":27}},"loc":{"start":{"line":44,"column":38},"end":{"line":46,"column":5}}}},"branchMap":{"0":{"loc":{"start":{"line":29,"column":8},"end":{"line":31,"column":null}},"type":"if","locations":[{"start":{"line":29,"column":8},"end":{"line":31,"column":null}},{"start":{"line":29,"column":8},"end":{"line":31,"column":null}}]},"1":{"loc":{"start":{"line":33,"column":8},"end":{"line":35,"column":null}},"type":"if","locations":[{"start":{"line":33,"column":8},"end":{"line":35,"column":null}},{"start":{"line":33,"column":8},"end":{"line":35,"column":null}}]},"2":{"loc":{"start":{"line":37,"column":8},"end":{"line":39,"column":null}},"type":"if","locations":[{"start":{"line":37,"column":8},"end":{"line":39,"column":null}},{"start":{"line":37,"column":8},"end":{"line":39,"column":null}}]}},"s":{"0":2,"1":8,"2":3,"3":3,"4":15,"5":15,"6":15,"7":2,"8":2,"9":1,"10":1,"11":1,"12":1,"13":1,"14":1,"15":2,"16":2},"f":{"0":8,"1":3,"2":3,"3":15,"4":2,"5":2},"b":{"0":[1,1],"1":[1,0],"2":[1,0]}}
,"/Users/rossypro/sources/ets/log210/exemples-ts/src/http_methods/EntrepriseRouter.ts": {"path":"/Users/rossypro/sources/ets/log210/exemples-ts/src/http_methods/EntrepriseRouter.ts","statementMap":{"0":{"start":{"line":1,"column":0},"end":{"line":1,"column":66}},"1":{"start":{"line":2,"column":0},"end":{"line":2,"column":42}},"2":{"start":{"line":12,"column":8},"end":{"line":12,"column":31}},"3":{"start":{"line":13,"column":8},"end":{"line":13,"column":43}},"4":{"start":{"line":14,"column":8},"end":{"line":14,"column":20}},"5":{"start":{"line":18,"column":8},"end":{"line":18,"column":31}},"6":{"start":{"line":22,"column":8},"end":{"line":31,"column":null}},"7":{"start":{"line":23,"column":27},"end":{"line":23,"column":60}},"8":{"start":{"line":25,"column":12},"end":{"line":25,"column":null}},"9":{"start":{"line":26,"column":12},"end":{"line":26,"column":45}},"10":{"start":{"line":29,"column":12},"end":{"line":29,"column":null}},"11":{"start":{"line":30,"column":12},"end":{"line":30,"column":50}},"12":{"start":{"line":37,"column":8},"end":{"line":47,"column":null}},"13":{"start":{"line":38,"column":22},"end":{"line":38,"column":36}},"14":{"start":{"line":39,"column":26},"end":{"line":39,"column":61}},"15":{"start":{"line":41,"column":12},"end":{"line":41,"column":null}},"16":{"start":{"line":42,"column":12},"end":{"line":42,"column":43}},"17":{"start":{"line":45,"column":12},"end":{"line":45,"column":null}},"18":{"start":{"line":46,"column":12},"end":{"line":46,"column":50}},"19":{"start":{"line":53,"column":8},"end":{"line":73,"column":null}},"20":{"start":{"line":54,"column":22},"end":{"line":54,"column":45}},"21":{"start":{"line":55,"column":24},"end":{"line":55,"column":49}},"22":{"start":{"line":56,"column":30},"end":{"line":56,"column":61}},"23":{"start":{"line":59,"column":12},"end":{"line":61,"column":null}},"24":{"start":{"line":60,"column":16},"end":{"line":60,"column":70}},"25":{"start":{"line":63,"column":35},"end":{"line":63,"column":58}},"26":{"start":{"line":65,"column":26},"end":{"line":65,"column":87}},"27":{"start":{"line":67,"column":12},"end":{"line":67,"column":null}},"28":{"start":{"line":68,"column":12},"end":{"line":68,"column":43}},"29":{"start":{"line":71,"column":12},"end":{"line":71,"column":null}},"30":{"start":{"line":72,"column":12},"end":{"line":72,"column":50}},"31":{"start":{"line":82,"column":8},"end":{"line":103,"column":null}},"32":{"start":{"line":83,"column":22},"end":{"line":83,"column":45}},"33":{"start":{"line":84,"column":24},"end":{"line":84,"column":49}},"34":{"start":{"line":85,"column":30},"end":{"line":85,"column":51}},"35":{"start":{"line":88,"column":12},"end":{"line":90,"column":null}},"36":{"start":{"line":89,"column":16},"end":{"line":89,"column":65}},"37":{"start":{"line":92,"column":12},"end":{"line":94,"column":null}},"38":{"start":{"line":93,"column":16},"end":{"line":93,"column":70}},"39":{"start":{"line":95,"column":26},"end":{"line":95,"column":88}},"40":{"start":{"line":97,"column":12},"end":{"line":97,"column":null}},"41":{"start":{"line":98,"column":12},"end":{"line":98,"column":43}},"42":{"start":{"line":101,"column":12},"end":{"line":101,"column":null}},"43":{"start":{"line":102,"column":12},"end":{"line":102,"column":50}},"44":{"start":{"line":109,"column":8},"end":{"line":123,"column":null}},"45":{"start":{"line":110,"column":22},"end":{"line":110,"column":45}},"46":{"start":{"line":112,"column":12},"end":{"line":114,"column":null}},"47":{"start":{"line":113,"column":16},"end":{"line":113,"column":65}},"48":{"start":{"line":116,"column":12},"end":{"line":116,"column":50}},"49":{"start":{"line":118,"column":12},"end":{"line":118,"column":56}},"50":{"start":{"line":121,"column":12},"end":{"line":121,"column":null}},"51":{"start":{"line":122,"column":12},"end":{"line":122,"column":50}},"52":{"start":{"line":131,"column":8},"end":{"line":131,"column":70}},"53":{"start":{"line":133,"column":8},"end":{"line":133,"column":74}},"54":{"start":{"line":135,"column":8},"end":{"line":135,"column":70}},"55":{"start":{"line":137,"column":8},"end":{"line":137,"column":70}},"56":{"start":{"line":138,"column":8},"end":{"line":138,"column":72}},"57":{"start":{"line":140,"column":8},"end":{"line":140,"column":79}},"58":{"start":{"line":4,"column":0},"end":{"line":4,"column":13}},"59":{"start":{"line":144,"column":13},"end":{"line":144,"column":55}},"60":{"start":{"line":145,"column":0},"end":{"line":145,"column":24}}},"fnMap":{"0":{"name":"(anonymous_0)","decl":{"start":{"line":11,"column":4},"end":{"line":11,"column":null}},"loc":{"start":{"line":11,"column":4},"end":{"line":15,"column":5}}},"1":{"name":"(anonymous_1)","decl":{"start":{"line":17,"column":11},"end":{"line":17,"column":24}},"loc":{"start":{"line":17,"column":24},"end":{"line":19,"column":5}}},"2":{"name":"(anonymous_2)","decl":{"start":{"line":21,"column":11},"end":{"line":21,"column":26}},"loc":{"start":{"line":21,"column":71},"end":{"line":32,"column":5}}},"3":{"name":"(anonymous_3)","decl":{"start":{"line":34,"column":11},"end":{"line":34,"column":25}},"loc":{"start":{"line":34,"column":70},"end":{"line":48,"column":5}}},"4":{"name":"(anonymous_4)","decl":{"start":{"line":50,"column":11},"end":{"line":50,"column":25}},"loc":{"start":{"line":50,"column":70},"end":{"line":74,"column":5}}},"5":{"name":"(anonymous_5)","decl":{"start":{"line":76,"column":11},"end":{"line":76,"column":26}},"loc":{"start":{"line":76,"column":71},"end":{"line":104,"column":5}}},"6":{"name":"(anonymous_6)","decl":{"start":{"line":106,"column":11},"end":{"line":106,"column":27}},"loc":{"start":{"line":106,"column":72},"end":{"line":124,"column":5}}},"7":{"name":"(anonymous_7)","decl":{"start":{"line":129,"column":4},"end":{"line":129,"column":8}},"loc":{"start":{"line":129,"column":8},"end":{"line":141,"column":5}}}},"branchMap":{"0":{"loc":{"start":{"line":59,"column":12},"end":{"line":61,"column":null}},"type":"if","locations":[{"start":{"line":59,"column":12},"end":{"line":61,"column":null}},{"start":{"line":59,"column":12},"end":{"line":61,"column":null}}]},"1":{"loc":{"start":{"line":59,"column":16},"end":{"line":59,"column":33}},"type":"binary-expr","locations":[{"start":{"line":59,"column":16},"end":{"line":59,"column":33}},{"start":{"line":59,"column":37},"end":{"line":59,"column":56}},{"start":{"line":59,"column":60},"end":{"line":59,"column":85}}]},"2":{"loc":{"start":{"line":88,"column":12},"end":{"line":90,"column":null}},"type":"if","locations":[{"start":{"line":88,"column":12},"end":{"line":90,"column":null}},{"start":{"line":88,"column":12},"end":{"line":90,"column":null}}]},"3":{"loc":{"start":{"line":92,"column":12},"end":{"line":94,"column":null}},"type":"if","locations":[{"start":{"line":92,"column":12},"end":{"line":94,"column":null}},{"start":{"line":92,"column":12},"end":{"line":94,"column":null}}]},"4":{"loc":{"start":{"line":112,"column":12},"end":{"line":114,"column":null}},"type":"if","locations":[{"start":{"line":112,"column":12},"end":{"line":114,"column":null}},{"start":{"line":112,"column":12},"end":{"line":114,"column":null}}]}},"s":{"0":1,"1":1,"2":1,"3":1,"4":1,"5":0,"6":0,"7":0,"8":0,"9":0,"10":0,"11":0,"12":0,"13":0,"14":0,"15":0,"16":0,"17":0,"18":0,"19":2,"20":2,"21":2,"22":2,"23":2,"24":1,"25":1,"26":1,"27":1,"28":1,"29":1,"30":1,"31":0,"32":0,"33":0,"34":0,"35":0,"36":0,"37":0,"38":0,"39":0,"40":0,"41":0,"42":0,"43":0,"44":0,"45":0,"46":0,"47":0,"48":0,"49":0,"50":0,"51":0,"52":2,"53":2,"54":2,"55":2,"56":2,"57":2,"58":1,"59":1,"60":1},"f":{"0":1,"1":0,"2":0,"3":0,"4":2,"5":0,"6":0,"7":2},"b":{"0":[1,1],"1":[2,1,1],"2":[0,0],"3":[0,0],"4":[0,0]}}
}
