TN:
SF:src/http_methods/Employe.ts
FN:6,(anonymous_0)
FN:13,(anonymous_1)
FN:17,(anonymous_2)
FN:21,(anonymous_3)
FN:25,(anonymous_4)
FN:29,(anonymous_5)
FN:33,(anonymous_6)
FNF:7
FNH:7
FNDA:22,(anonymous_0)
FNDA:5,(anonymous_1)
FNDA:4,(anonymous_2)
FNDA:24,(anonymous_3)
FNDA:4,(anonymous_4)
FNDA:24,(anonymous_5)
FNDA:1,(anonymous_6)
DA:1,3
DA:7,22
DA:8,22
DA:9,22
DA:14,5
DA:18,4
DA:22,24
DA:26,4
DA:30,24
DA:34,1
LF:10
LH:10
BRF:0
BRH:0
end_of_record
TN:
SF:src/http_methods/Entreprise.ts
FN:6,(anonymous_0)
FN:10,(anonymous_1)
FN:14,(anonymous_2)
FN:18,(anonymous_3)
FN:26,(anonymous_4)
FN:44,(anonymous_5)
FNF:6
FNH:6
FNDA:8,(anonymous_0)
FNDA:3,(anonymous_1)
FNDA:3,(anonymous_2)
FNDA:15,(anonymous_3)
FNDA:2,(anonymous_4)
FNDA:2,(anonymous_5)
DA:1,2
DA:3,2
DA:7,8
DA:11,3
DA:15,3
DA:19,15
DA:21,15
DA:23,15
DA:27,2
DA:29,2
DA:30,1
DA:33,1
DA:34,1
DA:37,1
DA:38,1
DA:41,1
DA:45,2
LF:17
LH:17
BRDA:29,0,0,1
BRDA:29,0,1,1
BRDA:33,1,0,1
BRDA:33,1,1,0
BRDA:37,2,0,1
BRDA:37,2,1,0
BRF:6
BRH:4
end_of_record
TN:
SF:src/http_methods/EntrepriseRouter.ts
FN:11,(anonymous_0)
FN:17,(anonymous_1)
FN:21,(anonymous_2)
FN:34,(anonymous_3)
FN:50,(anonymous_4)
FN:76,(anonymous_5)
FN:106,(anonymous_6)
FN:129,(anonymous_7)
FNF:8
FNH:3
FNDA:1,(anonymous_0)
FNDA:0,(anonymous_1)
FNDA:0,(anonymous_2)
FNDA:0,(anonymous_3)
FNDA:2,(anonymous_4)
FNDA:0,(anonymous_5)
FNDA:0,(anonymous_6)
FNDA:2,(anonymous_7)
DA:1,1
DA:2,1
DA:4,1
DA:12,1
DA:13,1
DA:14,1
DA:18,0
DA:22,0
DA:23,0
DA:25,0
DA:26,0
DA:29,0
DA:30,0
DA:37,0
DA:38,0
DA:39,0
DA:41,0
DA:42,0
DA:45,0
DA:46,0
DA:53,2
DA:54,2
DA:55,2
DA:56,2
DA:59,2
DA:60,1
DA:63,1
DA:65,1
DA:67,1
DA:68,1
DA:71,1
DA:72,1
DA:82,0
DA:83,0
DA:84,0
DA:85,0
DA:88,0
DA:89,0
DA:92,0
DA:93,0
DA:95,0
DA:97,0
DA:98,0
DA:101,0
DA:102,0
DA:109,0
DA:110,0
DA:112,0
DA:113,0
DA:116,0
DA:118,0
DA:121,0
DA:122,0
DA:131,2
DA:133,2
DA:135,2
DA:137,2
DA:138,2
DA:140,2
DA:144,1
DA:145,1
LF:61
LH:26
BRDA:59,0,0,1
BRDA:59,0,1,1
BRDA:59,1,0,2
BRDA:59,1,1,1
BRDA:59,1,2,1
BRDA:88,2,0,0
BRDA:88,2,1,0
BRDA:92,3,0,0
BRDA:92,3,1,0
BRDA:112,4,0,0
BRDA:112,4,1,0
BRF:11
BRH:5
end_of_record
